[0.697s] Invoking command in '/home/peiwu/work/pythonstudio/fastdds_ws/fastdds_example': PYTHONPATH=/home/peiwu/work/pythonstudio/fastdds_ws/build/fastdds_example/prefix_override:/usr/lib/python3/dist-packages/colcon_core/task/python/colcon_distutils_commands:/home/peiwu/work/pythonstudio/fastdds_ws/install/fastdds_example/lib/python3.10/site-packages:${PYTHONPATH} VIRTUAL_ENV_PROMPT=(.venv) /usr/bin/python3 -W ignore:setup.py install is deprecated -W ignore:easy_install command is deprecated setup.py egg_info --egg-base ../build/fastdds_example build --build-base /home/peiwu/work/pythonstudio/fastdds_ws/build/fastdds_example/build install --record /home/peiwu/work/pythonstudio/fastdds_ws/build/fastdds_example/install.log --single-version-externally-managed install_data
[0.972s] running egg_info
[0.973s] writing ../build/fastdds_example/fastdds_example.egg-info/PKG-INFO
[0.973s] writing dependency_links to ../build/fastdds_example/fastdds_example.egg-info/dependency_links.txt
[0.973s] writing entry points to ../build/fastdds_example/fastdds_example.egg-info/entry_points.txt
[0.974s] writing requirements to ../build/fastdds_example/fastdds_example.egg-info/requires.txt
[0.974s] writing top-level names to ../build/fastdds_example/fastdds_example.egg-info/top_level.txt
[0.975s] reading manifest file '../build/fastdds_example/fastdds_example.egg-info/SOURCES.txt'
[0.976s] writing manifest file '../build/fastdds_example/fastdds_example.egg-info/SOURCES.txt'
[0.976s] running build
[0.976s] running build_py
[0.977s] running install
[0.977s] running install_lib
[0.981s] running install_data
[0.981s] running install_egg_info
[0.983s] removing '/home/peiwu/work/pythonstudio/fastdds_ws/install/fastdds_example/lib/python3.10/site-packages/fastdds_example-0.0.0-py3.10.egg-info' (and everything under it)
[0.983s] Copying ../build/fastdds_example/fastdds_example.egg-info to /home/peiwu/work/pythonstudio/fastdds_ws/install/fastdds_example/lib/python3.10/site-packages/fastdds_example-0.0.0-py3.10.egg-info
[0.984s] running install_scripts
[1.007s] writing list of installed files to '/home/peiwu/work/pythonstudio/fastdds_ws/build/fastdds_example/install.log'
[1.038s] Invoked command in '/home/peiwu/work/pythonstudio/fastdds_ws/fastdds_example' returned '0': PYTHONPATH=/home/peiwu/work/pythonstudio/fastdds_ws/build/fastdds_example/prefix_override:/usr/lib/python3/dist-packages/colcon_core/task/python/colcon_distutils_commands:/home/peiwu/work/pythonstudio/fastdds_ws/install/fastdds_example/lib/python3.10/site-packages:${PYTHONPATH} VIRTUAL_ENV_PROMPT=(.venv) /usr/bin/python3 -W ignore:setup.py install is deprecated -W ignore:easy_install command is deprecated setup.py egg_info --egg-base ../build/fastdds_example build --build-base /home/peiwu/work/pythonstudio/fastdds_ws/build/fastdds_example/build install --record /home/peiwu/work/pythonstudio/fastdds_ws/build/fastdds_example/install.log --single-version-externally-managed install_data
