running egg_info
creating ../build/fastdds_example/fastdds_example.egg-info
writing ../build/fastdds_example/fastdds_example.egg-info/PKG-INFO
writing dependency_links to ../build/fastdds_example/fastdds_example.egg-info/dependency_links.txt
writing entry points to ../build/fastdds_example/fastdds_example.egg-info/entry_points.txt
writing requirements to ../build/fastdds_example/fastdds_example.egg-info/requires.txt
writing top-level names to ../build/fastdds_example/fastdds_example.egg-info/top_level.txt
writing manifest file '../build/fastdds_example/fastdds_example.egg-info/SOURCES.txt'
reading manifest file '../build/fastdds_example/fastdds_example.egg-info/SOURCES.txt'
writing manifest file '../build/fastdds_example/fastdds_example.egg-info/SOURCES.txt'
running build
running build_py
creating /home/peiwu/work/pythonstudio/fastdds_ws/build/fastdds_example/build
creating /home/peiwu/work/pythonstudio/fastdds_ws/build/fastdds_example/build/lib
creating /home/peiwu/work/pythonstudio/fastdds_ws/build/fastdds_example/build/lib/fastdds_example
copying fastdds_example/setup.py -> /home/peiwu/work/pythonstudio/fastdds_ws/build/fastdds_example/build/lib/fastdds_example
copying fastdds_example/publisher_node.py -> /home/peiwu/work/pythonstudio/fastdds_ws/build/fastdds_example/build/lib/fastdds_example
copying fastdds_example/__init__.py -> /home/peiwu/work/pythonstudio/fastdds_ws/build/fastdds_example/build/lib/fastdds_example
copying fastdds_example/subscriber_node.py -> /home/peiwu/work/pythonstudio/fastdds_ws/build/fastdds_example/build/lib/fastdds_example
running install
running install_lib
creating /home/peiwu/work/pythonstudio/fastdds_ws/install/fastdds_example/lib/python3.10/site-packages/fastdds_example
copying /home/peiwu/work/pythonstudio/fastdds_ws/build/fastdds_example/build/lib/fastdds_example/setup.py -> /home/peiwu/work/pythonstudio/fastdds_ws/install/fastdds_example/lib/python3.10/site-packages/fastdds_example
copying /home/peiwu/work/pythonstudio/fastdds_ws/build/fastdds_example/build/lib/fastdds_example/publisher_node.py -> /home/peiwu/work/pythonstudio/fastdds_ws/install/fastdds_example/lib/python3.10/site-packages/fastdds_example
copying /home/peiwu/work/pythonstudio/fastdds_ws/build/fastdds_example/build/lib/fastdds_example/__init__.py -> /home/peiwu/work/pythonstudio/fastdds_ws/install/fastdds_example/lib/python3.10/site-packages/fastdds_example
copying /home/peiwu/work/pythonstudio/fastdds_ws/build/fastdds_example/build/lib/fastdds_example/subscriber_node.py -> /home/peiwu/work/pythonstudio/fastdds_ws/install/fastdds_example/lib/python3.10/site-packages/fastdds_example
byte-compiling /home/peiwu/work/pythonstudio/fastdds_ws/install/fastdds_example/lib/python3.10/site-packages/fastdds_example/setup.py to setup.cpython-310.pyc
byte-compiling /home/peiwu/work/pythonstudio/fastdds_ws/install/fastdds_example/lib/python3.10/site-packages/fastdds_example/publisher_node.py to publisher_node.cpython-310.pyc
byte-compiling /home/peiwu/work/pythonstudio/fastdds_ws/install/fastdds_example/lib/python3.10/site-packages/fastdds_example/__init__.py to __init__.cpython-310.pyc
byte-compiling /home/peiwu/work/pythonstudio/fastdds_ws/install/fastdds_example/lib/python3.10/site-packages/fastdds_example/subscriber_node.py to subscriber_node.cpython-310.pyc
running install_data
creating /home/peiwu/work/pythonstudio/fastdds_ws/install/fastdds_example/share/ament_index
creating /home/peiwu/work/pythonstudio/fastdds_ws/install/fastdds_example/share/ament_index/resource_index
creating /home/peiwu/work/pythonstudio/fastdds_ws/install/fastdds_example/share/ament_index/resource_index/packages
copying resource/fastdds_example -> /home/peiwu/work/pythonstudio/fastdds_ws/install/fastdds_example/share/ament_index/resource_index/packages
copying package.xml -> /home/peiwu/work/pythonstudio/fastdds_ws/install/fastdds_example/share/fastdds_example
running install_egg_info
Copying ../build/fastdds_example/fastdds_example.egg-info to /home/peiwu/work/pythonstudio/fastdds_ws/install/fastdds_example/lib/python3.10/site-packages/fastdds_example-0.0.0-py3.10.egg-info
running install_scripts
writing list of installed files to '/home/peiwu/work/pythonstudio/fastdds_ws/build/fastdds_example/install.log'
