[0.782s] Invoking command in '/home/peiwu/work/pythonstudio/fastdds_ws/fastdds_example': PYTHONPATH=/home/peiwu/work/pythonstudio/fastdds_ws/build/fastdds_example/prefix_override:/usr/lib/python3/dist-packages/colcon_core/task/python/colcon_distutils_commands:/home/peiwu/work/pythonstudio/fastdds_ws/install/fastdds_example/lib/python3.10/site-packages:${PYTHONPATH} VIRTUAL_ENV_PROMPT=(.venv) /usr/bin/python3 -W ignore:setup.py install is deprecated -W ignore:easy_install command is deprecated setup.py egg_info --egg-base ../build/fastdds_example build --build-base /home/peiwu/work/pythonstudio/fastdds_ws/build/fastdds_example/build install --record /home/peiwu/work/pythonstudio/fastdds_ws/build/fastdds_example/install.log --single-version-externally-managed install_data
[1.061s] running egg_info
[1.061s] creating ../build/fastdds_example/fastdds_example.egg-info
[1.062s] writing ../build/fastdds_example/fastdds_example.egg-info/PKG-INFO
[1.062s] writing dependency_links to ../build/fastdds_example/fastdds_example.egg-info/dependency_links.txt
[1.062s] writing entry points to ../build/fastdds_example/fastdds_example.egg-info/entry_points.txt
[1.062s] writing requirements to ../build/fastdds_example/fastdds_example.egg-info/requires.txt
[1.062s] writing top-level names to ../build/fastdds_example/fastdds_example.egg-info/top_level.txt
[1.062s] writing manifest file '../build/fastdds_example/fastdds_example.egg-info/SOURCES.txt'
[1.064s] reading manifest file '../build/fastdds_example/fastdds_example.egg-info/SOURCES.txt'
[1.065s] writing manifest file '../build/fastdds_example/fastdds_example.egg-info/SOURCES.txt'
[1.065s] running build
[1.065s] running build_py
[1.065s] creating /home/peiwu/work/pythonstudio/fastdds_ws/build/fastdds_example/build
[1.065s] creating /home/peiwu/work/pythonstudio/fastdds_ws/build/fastdds_example/build/lib
[1.065s] creating /home/peiwu/work/pythonstudio/fastdds_ws/build/fastdds_example/build/lib/fastdds_example
[1.065s] copying fastdds_example/setup.py -> /home/peiwu/work/pythonstudio/fastdds_ws/build/fastdds_example/build/lib/fastdds_example
[1.065s] copying fastdds_example/publisher_node.py -> /home/peiwu/work/pythonstudio/fastdds_ws/build/fastdds_example/build/lib/fastdds_example
[1.065s] copying fastdds_example/__init__.py -> /home/peiwu/work/pythonstudio/fastdds_ws/build/fastdds_example/build/lib/fastdds_example
[1.065s] copying fastdds_example/subscriber_node.py -> /home/peiwu/work/pythonstudio/fastdds_ws/build/fastdds_example/build/lib/fastdds_example
[1.065s] running install
[1.066s] running install_lib
[1.067s] creating /home/peiwu/work/pythonstudio/fastdds_ws/install/fastdds_example/lib/python3.10/site-packages/fastdds_example
[1.067s] copying /home/peiwu/work/pythonstudio/fastdds_ws/build/fastdds_example/build/lib/fastdds_example/setup.py -> /home/peiwu/work/pythonstudio/fastdds_ws/install/fastdds_example/lib/python3.10/site-packages/fastdds_example
[1.067s] copying /home/peiwu/work/pythonstudio/fastdds_ws/build/fastdds_example/build/lib/fastdds_example/publisher_node.py -> /home/peiwu/work/pythonstudio/fastdds_ws/install/fastdds_example/lib/python3.10/site-packages/fastdds_example
[1.067s] copying /home/peiwu/work/pythonstudio/fastdds_ws/build/fastdds_example/build/lib/fastdds_example/__init__.py -> /home/peiwu/work/pythonstudio/fastdds_ws/install/fastdds_example/lib/python3.10/site-packages/fastdds_example
[1.067s] copying /home/peiwu/work/pythonstudio/fastdds_ws/build/fastdds_example/build/lib/fastdds_example/subscriber_node.py -> /home/peiwu/work/pythonstudio/fastdds_ws/install/fastdds_example/lib/python3.10/site-packages/fastdds_example
[1.067s] byte-compiling /home/peiwu/work/pythonstudio/fastdds_ws/install/fastdds_example/lib/python3.10/site-packages/fastdds_example/setup.py to setup.cpython-310.pyc
[1.068s] byte-compiling /home/peiwu/work/pythonstudio/fastdds_ws/install/fastdds_example/lib/python3.10/site-packages/fastdds_example/publisher_node.py to publisher_node.cpython-310.pyc
[1.068s] byte-compiling /home/peiwu/work/pythonstudio/fastdds_ws/install/fastdds_example/lib/python3.10/site-packages/fastdds_example/__init__.py to __init__.cpython-310.pyc
[1.068s] byte-compiling /home/peiwu/work/pythonstudio/fastdds_ws/install/fastdds_example/lib/python3.10/site-packages/fastdds_example/subscriber_node.py to subscriber_node.cpython-310.pyc
[1.069s] running install_data
[1.069s] creating /home/peiwu/work/pythonstudio/fastdds_ws/install/fastdds_example/share/ament_index
[1.069s] creating /home/peiwu/work/pythonstudio/fastdds_ws/install/fastdds_example/share/ament_index/resource_index
[1.069s] creating /home/peiwu/work/pythonstudio/fastdds_ws/install/fastdds_example/share/ament_index/resource_index/packages
[1.069s] copying resource/fastdds_example -> /home/peiwu/work/pythonstudio/fastdds_ws/install/fastdds_example/share/ament_index/resource_index/packages
[1.069s] copying package.xml -> /home/peiwu/work/pythonstudio/fastdds_ws/install/fastdds_example/share/fastdds_example
[1.069s] running install_egg_info
[1.071s] Copying ../build/fastdds_example/fastdds_example.egg-info to /home/peiwu/work/pythonstudio/fastdds_ws/install/fastdds_example/lib/python3.10/site-packages/fastdds_example-0.0.0-py3.10.egg-info
[1.072s] running install_scripts
[1.098s] writing list of installed files to '/home/peiwu/work/pythonstudio/fastdds_ws/build/fastdds_example/install.log'
[1.134s] Invoked command in '/home/peiwu/work/pythonstudio/fastdds_ws/fastdds_example' returned '0': PYTHONPATH=/home/peiwu/work/pythonstudio/fastdds_ws/build/fastdds_example/prefix_override:/usr/lib/python3/dist-packages/colcon_core/task/python/colcon_distutils_commands:/home/peiwu/work/pythonstudio/fastdds_ws/install/fastdds_example/lib/python3.10/site-packages:${PYTHONPATH} VIRTUAL_ENV_PROMPT=(.venv) /usr/bin/python3 -W ignore:setup.py install is deprecated -W ignore:easy_install command is deprecated setup.py egg_info --egg-base ../build/fastdds_example build --build-base /home/peiwu/work/pythonstudio/fastdds_ws/build/fastdds_example/build install --record /home/peiwu/work/pythonstudio/fastdds_ws/build/fastdds_example/install.log --single-version-externally-managed install_data
