Determining if the pthread_create exist failed with the following output:
Change Dir: /opt/wupei/git/code/PolyM-master/build/CMakeFiles/CMakeTmp

Run Build Command:"/usr/bin/make" "cmTC_58742/fast"
/usr/bin/make -f CMakeFiles/cmTC_58742.dir/build.make CMakeFiles/cmTC_58742.dir/build
make[1]: Entering directory '/opt/wupei/git/code/PolyM-master/build/CMakeFiles/CMakeTmp'
Building C object CMakeFiles/cmTC_58742.dir/CheckSymbolExists.c.o
/usr/bin/cc    -o CMakeFiles/cmTC_58742.dir/CheckSymbolExists.c.o   -c /opt/wupei/git/code/PolyM-master/build/CMakeFiles/CMakeTmp/CheckSymbolExists.c
Linking C executable cmTC_58742
/usr/bin/cmake -E cmake_link_script CMakeFiles/cmTC_58742.dir/link.txt --verbose=1
/usr/bin/cc      CMakeFiles/cmTC_58742.dir/CheckSymbolExists.c.o  -o cmTC_58742 
CMakeFiles/cmTC_58742.dir/CheckSymbolExists.c.o: In function `main':
CheckSymbolExists.c:(.text+0x1b): undefined reference to `pthread_create'
collect2: error: ld returned 1 exit status
CMakeFiles/cmTC_58742.dir/build.make:97: recipe for target 'cmTC_58742' failed
make[1]: *** [cmTC_58742] Error 1
make[1]: Leaving directory '/opt/wupei/git/code/PolyM-master/build/CMakeFiles/CMakeTmp'
Makefile:126: recipe for target 'cmTC_58742/fast' failed
make: *** [cmTC_58742/fast] Error 2

File /opt/wupei/git/code/PolyM-master/build/CMakeFiles/CMakeTmp/CheckSymbolExists.c:
/* */
#include <pthread.h>

int main(int argc, char** argv)
{
  (void)argv;
#ifndef pthread_create
  return ((int*)(&pthread_create))[argc];
#else
  (void)argc;
  return 0;
#endif
}

Determining if the function pthread_create exists in the pthreads failed with the following output:
Change Dir: /opt/wupei/git/code/PolyM-master/build/CMakeFiles/CMakeTmp

Run Build Command:"/usr/bin/make" "cmTC_4e3af/fast"
/usr/bin/make -f CMakeFiles/cmTC_4e3af.dir/build.make CMakeFiles/cmTC_4e3af.dir/build
make[1]: Entering directory '/opt/wupei/git/code/PolyM-master/build/CMakeFiles/CMakeTmp'
Building C object CMakeFiles/cmTC_4e3af.dir/CheckFunctionExists.c.o
/usr/bin/cc   -DCHECK_FUNCTION_EXISTS=pthread_create   -o CMakeFiles/cmTC_4e3af.dir/CheckFunctionExists.c.o   -c /usr/share/cmake-3.10/Modules/CheckFunctionExists.c
Linking C executable cmTC_4e3af
/usr/bin/cmake -E cmake_link_script CMakeFiles/cmTC_4e3af.dir/link.txt --verbose=1
/usr/bin/cc  -DCHECK_FUNCTION_EXISTS=pthread_create    CMakeFiles/cmTC_4e3af.dir/CheckFunctionExists.c.o  -o cmTC_4e3af -lpthreads 
/usr/bin/ld: cannot find -lpthreads
collect2: error: ld returned 1 exit status
CMakeFiles/cmTC_4e3af.dir/build.make:97: recipe for target 'cmTC_4e3af' failed
make[1]: *** [cmTC_4e3af] Error 1
make[1]: Leaving directory '/opt/wupei/git/code/PolyM-master/build/CMakeFiles/CMakeTmp'
Makefile:126: recipe for target 'cmTC_4e3af/fast' failed
make: *** [cmTC_4e3af/fast] Error 2


