running egg_info
creating ../../build/my_ros2_package/my_ros2_package.egg-info
writing ../../build/my_ros2_package/my_ros2_package.egg-info/PKG-INFO
writing dependency_links to ../../build/my_ros2_package/my_ros2_package.egg-info/dependency_links.txt
writing entry points to ../../build/my_ros2_package/my_ros2_package.egg-info/entry_points.txt
writing requirements to ../../build/my_ros2_package/my_ros2_package.egg-info/requires.txt
writing top-level names to ../../build/my_ros2_package/my_ros2_package.egg-info/top_level.txt
writing manifest file '../../build/my_ros2_package/my_ros2_package.egg-info/SOURCES.txt'
reading manifest file '../../build/my_ros2_package/my_ros2_package.egg-info/SOURCES.txt'
writing manifest file '../../build/my_ros2_package/my_ros2_package.egg-info/SOURCES.txt'
running build
running build_py
creating /home/peiwu/work/pythonros2/ros2_ws/build/my_ros2_package/build
creating /home/peiwu/work/pythonros2/ros2_ws/build/my_ros2_package/build/lib
creating /home/peiwu/work/pythonros2/ros2_ws/build/my_ros2_package/build/lib/my_ros2_package
copying my_ros2_package/publisher_node.py -> /home/peiwu/work/pythonros2/ros2_ws/build/my_ros2_package/build/lib/my_ros2_package
copying my_ros2_package/__init__.py -> /home/peiwu/work/pythonros2/ros2_ws/build/my_ros2_package/build/lib/my_ros2_package
copying my_ros2_package/subscriber_node.py -> /home/peiwu/work/pythonros2/ros2_ws/build/my_ros2_package/build/lib/my_ros2_package
running install
running install_lib
creating /home/peiwu/work/pythonros2/ros2_ws/install/my_ros2_package/lib/python3.10/site-packages/my_ros2_package
copying /home/peiwu/work/pythonros2/ros2_ws/build/my_ros2_package/build/lib/my_ros2_package/publisher_node.py -> /home/peiwu/work/pythonros2/ros2_ws/install/my_ros2_package/lib/python3.10/site-packages/my_ros2_package
copying /home/peiwu/work/pythonros2/ros2_ws/build/my_ros2_package/build/lib/my_ros2_package/__init__.py -> /home/peiwu/work/pythonros2/ros2_ws/install/my_ros2_package/lib/python3.10/site-packages/my_ros2_package
copying /home/peiwu/work/pythonros2/ros2_ws/build/my_ros2_package/build/lib/my_ros2_package/subscriber_node.py -> /home/peiwu/work/pythonros2/ros2_ws/install/my_ros2_package/lib/python3.10/site-packages/my_ros2_package
byte-compiling /home/peiwu/work/pythonros2/ros2_ws/install/my_ros2_package/lib/python3.10/site-packages/my_ros2_package/publisher_node.py to publisher_node.cpython-310.pyc
byte-compiling /home/peiwu/work/pythonros2/ros2_ws/install/my_ros2_package/lib/python3.10/site-packages/my_ros2_package/__init__.py to __init__.cpython-310.pyc
byte-compiling /home/peiwu/work/pythonros2/ros2_ws/install/my_ros2_package/lib/python3.10/site-packages/my_ros2_package/subscriber_node.py to subscriber_node.cpython-310.pyc
running install_data
creating /home/peiwu/work/pythonros2/ros2_ws/install/my_ros2_package/share/ament_index
creating /home/peiwu/work/pythonros2/ros2_ws/install/my_ros2_package/share/ament_index/resource_index
creating /home/peiwu/work/pythonros2/ros2_ws/install/my_ros2_package/share/ament_index/resource_index/packages
copying resource/my_ros2_package -> /home/peiwu/work/pythonros2/ros2_ws/install/my_ros2_package/share/ament_index/resource_index/packages
copying package.xml -> /home/peiwu/work/pythonros2/ros2_ws/install/my_ros2_package/share/my_ros2_package
creating /home/peiwu/work/pythonros2/ros2_ws/install/my_ros2_package/share/my_ros2_package/launch
running install_egg_info
Copying ../../build/my_ros2_package/my_ros2_package.egg-info to /home/peiwu/work/pythonros2/ros2_ws/install/my_ros2_package/lib/python3.10/site-packages/my_ros2_package-0.0.0-py3.10.egg-info
running install_scripts
Installing publisher_node script to /home/peiwu/work/pythonros2/ros2_ws/install/my_ros2_package/lib/my_ros2_package
Installing subscriber_node script to /home/peiwu/work/pythonros2/ros2_ws/install/my_ros2_package/lib/my_ros2_package
writing list of installed files to '/home/peiwu/work/pythonros2/ros2_ws/build/my_ros2_package/install.log'
