[0.636s] Invoking command in '/home/peiwu/work/pythonros2/ros2_ws/src/my_ros2_package': PYTHONPATH=/home/peiwu/work/pythonros2/ros2_ws/build/my_ros2_package/prefix_override:/usr/lib/python3/dist-packages/colcon_core/task/python/colcon_distutils_commands:/home/peiwu/work/pythonros2/ros2_ws/install/my_ros2_package/lib/python3.10/site-packages:${PYTHONPATH} /usr/bin/python3 -W ignore:setup.py install is deprecated -W ignore:easy_install command is deprecated setup.py egg_info --egg-base ../../build/my_ros2_package build --build-base /home/peiwu/work/pythonros2/ros2_ws/build/my_ros2_package/build install --record /home/peiwu/work/pythonros2/ros2_ws/build/my_ros2_package/install.log --single-version-externally-managed install_data
[0.869s] running egg_info
[0.870s] creating ../../build/my_ros2_package/my_ros2_package.egg-info
[0.870s] writing ../../build/my_ros2_package/my_ros2_package.egg-info/PKG-INFO
[0.870s] writing dependency_links to ../../build/my_ros2_package/my_ros2_package.egg-info/dependency_links.txt
[0.870s] writing entry points to ../../build/my_ros2_package/my_ros2_package.egg-info/entry_points.txt
[0.870s] writing requirements to ../../build/my_ros2_package/my_ros2_package.egg-info/requires.txt
[0.870s] writing top-level names to ../../build/my_ros2_package/my_ros2_package.egg-info/top_level.txt
[0.870s] writing manifest file '../../build/my_ros2_package/my_ros2_package.egg-info/SOURCES.txt'
[0.871s] reading manifest file '../../build/my_ros2_package/my_ros2_package.egg-info/SOURCES.txt'
[0.872s] writing manifest file '../../build/my_ros2_package/my_ros2_package.egg-info/SOURCES.txt'
[0.872s] running build
[0.872s] running build_py
[0.872s] creating /home/peiwu/work/pythonros2/ros2_ws/build/my_ros2_package/build
[0.873s] creating /home/peiwu/work/pythonros2/ros2_ws/build/my_ros2_package/build/lib
[0.873s] creating /home/peiwu/work/pythonros2/ros2_ws/build/my_ros2_package/build/lib/my_ros2_package
[0.873s] copying my_ros2_package/publisher_node.py -> /home/peiwu/work/pythonros2/ros2_ws/build/my_ros2_package/build/lib/my_ros2_package
[0.873s] copying my_ros2_package/__init__.py -> /home/peiwu/work/pythonros2/ros2_ws/build/my_ros2_package/build/lib/my_ros2_package
[0.873s] copying my_ros2_package/subscriber_node.py -> /home/peiwu/work/pythonros2/ros2_ws/build/my_ros2_package/build/lib/my_ros2_package
[0.873s] running install
[0.873s] running install_lib
[0.874s] creating /home/peiwu/work/pythonros2/ros2_ws/install/my_ros2_package/lib/python3.10/site-packages/my_ros2_package
[0.874s] copying /home/peiwu/work/pythonros2/ros2_ws/build/my_ros2_package/build/lib/my_ros2_package/publisher_node.py -> /home/peiwu/work/pythonros2/ros2_ws/install/my_ros2_package/lib/python3.10/site-packages/my_ros2_package
[0.874s] copying /home/peiwu/work/pythonros2/ros2_ws/build/my_ros2_package/build/lib/my_ros2_package/__init__.py -> /home/peiwu/work/pythonros2/ros2_ws/install/my_ros2_package/lib/python3.10/site-packages/my_ros2_package
[0.874s] copying /home/peiwu/work/pythonros2/ros2_ws/build/my_ros2_package/build/lib/my_ros2_package/subscriber_node.py -> /home/peiwu/work/pythonros2/ros2_ws/install/my_ros2_package/lib/python3.10/site-packages/my_ros2_package
[0.874s] byte-compiling /home/peiwu/work/pythonros2/ros2_ws/install/my_ros2_package/lib/python3.10/site-packages/my_ros2_package/publisher_node.py to publisher_node.cpython-310.pyc
[0.875s] byte-compiling /home/peiwu/work/pythonros2/ros2_ws/install/my_ros2_package/lib/python3.10/site-packages/my_ros2_package/__init__.py to __init__.cpython-310.pyc
[0.875s] byte-compiling /home/peiwu/work/pythonros2/ros2_ws/install/my_ros2_package/lib/python3.10/site-packages/my_ros2_package/subscriber_node.py to subscriber_node.cpython-310.pyc
[0.875s] running install_data
[0.876s] creating /home/peiwu/work/pythonros2/ros2_ws/install/my_ros2_package/share/ament_index
[0.876s] creating /home/peiwu/work/pythonros2/ros2_ws/install/my_ros2_package/share/ament_index/resource_index
[0.876s] creating /home/peiwu/work/pythonros2/ros2_ws/install/my_ros2_package/share/ament_index/resource_index/packages
[0.876s] copying resource/my_ros2_package -> /home/peiwu/work/pythonros2/ros2_ws/install/my_ros2_package/share/ament_index/resource_index/packages
[0.876s] copying package.xml -> /home/peiwu/work/pythonros2/ros2_ws/install/my_ros2_package/share/my_ros2_package
[0.876s] creating /home/peiwu/work/pythonros2/ros2_ws/install/my_ros2_package/share/my_ros2_package/launch
[0.876s] running install_egg_info
[0.877s] Copying ../../build/my_ros2_package/my_ros2_package.egg-info to /home/peiwu/work/pythonros2/ros2_ws/install/my_ros2_package/lib/python3.10/site-packages/my_ros2_package-0.0.0-py3.10.egg-info
[0.878s] running install_scripts
[0.896s] Installing publisher_node script to /home/peiwu/work/pythonros2/ros2_ws/install/my_ros2_package/lib/my_ros2_package
[0.897s] Installing subscriber_node script to /home/peiwu/work/pythonros2/ros2_ws/install/my_ros2_package/lib/my_ros2_package
[0.897s] writing list of installed files to '/home/peiwu/work/pythonros2/ros2_ws/build/my_ros2_package/install.log'
[0.924s] Invoked command in '/home/peiwu/work/pythonros2/ros2_ws/src/my_ros2_package' returned '0': PYTHONPATH=/home/peiwu/work/pythonros2/ros2_ws/build/my_ros2_package/prefix_override:/usr/lib/python3/dist-packages/colcon_core/task/python/colcon_distutils_commands:/home/peiwu/work/pythonros2/ros2_ws/install/my_ros2_package/lib/python3.10/site-packages:${PYTHONPATH} /usr/bin/python3 -W ignore:setup.py install is deprecated -W ignore:easy_install command is deprecated setup.py egg_info --egg-base ../../build/my_ros2_package build --build-base /home/peiwu/work/pythonros2/ros2_ws/build/my_ros2_package/build install --record /home/peiwu/work/pythonros2/ros2_ws/build/my_ros2_package/install.log --single-version-externally-managed install_data
