running egg_info
writing ../build/fastdds_example/fastdds_example.egg-info/PKG-INFO
writing dependency_links to ../build/fastdds_example/fastdds_example.egg-info/dependency_links.txt
writing entry points to ../build/fastdds_example/fastdds_example.egg-info/entry_points.txt
writing requirements to ../build/fastdds_example/fastdds_example.egg-info/requires.txt
writing top-level names to ../build/fastdds_example/fastdds_example.egg-info/top_level.txt
reading manifest file '../build/fastdds_example/fastdds_example.egg-info/SOURCES.txt'
writing manifest file '../build/fastdds_example/fastdds_example.egg-info/SOURCES.txt'
running build
running build_py
running install
running install_lib
running install_data
running install_egg_info
removing '/home/peiwu/work/pythonstudio/fastdds_ws/install/fastdds_example/lib/python3.10/site-packages/fastdds_example-0.0.0-py3.10.egg-info' (and everything under it)
Copying ../build/fastdds_example/fastdds_example.egg-info to /home/peiwu/work/pythonstudio/fastdds_ws/install/fastdds_example/lib/python3.10/site-packages/fastdds_example-0.0.0-py3.10.egg-info
running install_scripts
Installing publisher script to /home/peiwu/work/pythonstudio/fastdds_ws/install/fastdds_example/lib/fastdds_example
Installing subscriber script to /home/peiwu/work/pythonstudio/fastdds_ws/install/fastdds_example/lib/fastdds_example
writing list of installed files to '/home/peiwu/work/pythonstudio/fastdds_ws/build/fastdds_example/install.log'
