[0.690s] Invoking command in '/home/peiwu/work/pythonstudio/fastdds_ws/fastdds_example': PYTHONPATH=/home/peiwu/work/pythonstudio/fastdds_ws/build/fastdds_example/prefix_override:/usr/lib/python3/dist-packages/colcon_core/task/python/colcon_distutils_commands:/home/peiwu/work/pythonstudio/fastdds_ws/install/fastdds_example/lib/python3.10/site-packages:${PYTHONPATH} VIRTUAL_ENV_PROMPT=(.venv) /usr/bin/python3 -W ignore:setup.py install is deprecated -W ignore:easy_install command is deprecated setup.py egg_info --egg-base ../build/fastdds_example build --build-base /home/peiwu/work/pythonstudio/fastdds_ws/build/fastdds_example/build install --record /home/peiwu/work/pythonstudio/fastdds_ws/build/fastdds_example/install.log --single-version-externally-managed install_data
[0.954s] running egg_info
[0.955s] writing ../build/fastdds_example/fastdds_example.egg-info/PKG-INFO
[0.955s] writing dependency_links to ../build/fastdds_example/fastdds_example.egg-info/dependency_links.txt
[0.955s] writing entry points to ../build/fastdds_example/fastdds_example.egg-info/entry_points.txt
[0.955s] writing requirements to ../build/fastdds_example/fastdds_example.egg-info/requires.txt
[0.955s] writing top-level names to ../build/fastdds_example/fastdds_example.egg-info/top_level.txt
[0.957s] reading manifest file '../build/fastdds_example/fastdds_example.egg-info/SOURCES.txt'
[0.958s] writing manifest file '../build/fastdds_example/fastdds_example.egg-info/SOURCES.txt'
[0.958s] running build
[0.958s] running build_py
[0.958s] running install
[0.959s] running install_lib
[0.960s] running install_data
[0.960s] running install_egg_info
[0.962s] removing '/home/peiwu/work/pythonstudio/fastdds_ws/install/fastdds_example/lib/python3.10/site-packages/fastdds_example-0.0.0-py3.10.egg-info' (and everything under it)
[0.962s] Copying ../build/fastdds_example/fastdds_example.egg-info to /home/peiwu/work/pythonstudio/fastdds_ws/install/fastdds_example/lib/python3.10/site-packages/fastdds_example-0.0.0-py3.10.egg-info
[0.963s] running install_scripts
[0.984s] Installing publisher script to /home/peiwu/work/pythonstudio/fastdds_ws/install/fastdds_example/lib/fastdds_example
[0.985s] Installing subscriber script to /home/peiwu/work/pythonstudio/fastdds_ws/install/fastdds_example/lib/fastdds_example
[0.985s] writing list of installed files to '/home/peiwu/work/pythonstudio/fastdds_ws/build/fastdds_example/install.log'
[1.015s] Invoked command in '/home/peiwu/work/pythonstudio/fastdds_ws/fastdds_example' returned '0': PYTHONPATH=/home/peiwu/work/pythonstudio/fastdds_ws/build/fastdds_example/prefix_override:/usr/lib/python3/dist-packages/colcon_core/task/python/colcon_distutils_commands:/home/peiwu/work/pythonstudio/fastdds_ws/install/fastdds_example/lib/python3.10/site-packages:${PYTHONPATH} VIRTUAL_ENV_PROMPT=(.venv) /usr/bin/python3 -W ignore:setup.py install is deprecated -W ignore:easy_install command is deprecated setup.py egg_info --egg-base ../build/fastdds_example build --build-base /home/peiwu/work/pythonstudio/fastdds_ws/build/fastdds_example/build install --record /home/peiwu/work/pythonstudio/fastdds_ws/build/fastdds_example/install.log --single-version-externally-managed install_data
