[0.608s] Invoking command in '/home/peiwu/work/pythonros2/ros2_ws/src/my_ros2_package': PYTHONPATH=/home/peiwu/work/pythonros2/ros2_ws/build/my_ros2_package/prefix_override:/usr/lib/python3/dist-packages/colcon_core/task/python/colcon_distutils_commands:/home/peiwu/work/pythonros2/ros2_ws/install/my_ros2_package/lib/python3.10/site-packages:${PYTHONPATH} /usr/bin/python3 -W ignore:setup.py install is deprecated -W ignore:easy_install command is deprecated setup.py egg_info --egg-base ../../build/my_ros2_package build --build-base /home/peiwu/work/pythonros2/ros2_ws/build/my_ros2_package/build install --record /home/peiwu/work/pythonros2/ros2_ws/build/my_ros2_package/install.log --single-version-externally-managed install_data
[0.844s] running egg_info
[0.845s] writing ../../build/my_ros2_package/my_ros2_package.egg-info/PKG-INFO
[0.845s] writing dependency_links to ../../build/my_ros2_package/my_ros2_package.egg-info/dependency_links.txt
[0.845s] writing entry points to ../../build/my_ros2_package/my_ros2_package.egg-info/entry_points.txt
[0.845s] writing requirements to ../../build/my_ros2_package/my_ros2_package.egg-info/requires.txt
[0.846s] writing top-level names to ../../build/my_ros2_package/my_ros2_package.egg-info/top_level.txt
[0.847s] reading manifest file '../../build/my_ros2_package/my_ros2_package.egg-info/SOURCES.txt'
[0.848s] writing manifest file '../../build/my_ros2_package/my_ros2_package.egg-info/SOURCES.txt'
[0.848s] running build
[0.848s] running build_py
[0.849s] running install
[0.849s] running install_lib
[0.850s] running install_data
[0.850s] running install_egg_info
[0.852s] removing '/home/peiwu/work/pythonros2/ros2_ws/install/my_ros2_package/lib/python3.10/site-packages/my_ros2_package-0.0.0-py3.10.egg-info' (and everything under it)
[0.853s] Copying ../../build/my_ros2_package/my_ros2_package.egg-info to /home/peiwu/work/pythonros2/ros2_ws/install/my_ros2_package/lib/python3.10/site-packages/my_ros2_package-0.0.0-py3.10.egg-info
[0.853s] running install_scripts
[0.874s] Installing publisher_node script to /home/peiwu/work/pythonros2/ros2_ws/install/my_ros2_package/lib/my_ros2_package
[0.874s] Installing subscriber_node script to /home/peiwu/work/pythonros2/ros2_ws/install/my_ros2_package/lib/my_ros2_package
[0.874s] writing list of installed files to '/home/peiwu/work/pythonros2/ros2_ws/build/my_ros2_package/install.log'
[0.899s] Invoked command in '/home/peiwu/work/pythonros2/ros2_ws/src/my_ros2_package' returned '0': PYTHONPATH=/home/peiwu/work/pythonros2/ros2_ws/build/my_ros2_package/prefix_override:/usr/lib/python3/dist-packages/colcon_core/task/python/colcon_distutils_commands:/home/peiwu/work/pythonros2/ros2_ws/install/my_ros2_package/lib/python3.10/site-packages:${PYTHONPATH} /usr/bin/python3 -W ignore:setup.py install is deprecated -W ignore:easy_install command is deprecated setup.py egg_info --egg-base ../../build/my_ros2_package build --build-base /home/peiwu/work/pythonros2/ros2_ws/build/my_ros2_package/build install --record /home/peiwu/work/pythonros2/ros2_ws/build/my_ros2_package/install.log --single-version-externally-managed install_data
